<?xml version="1.0" encoding="UTF-8"?>
<robot generator="Robot 6.0.2 (Python 3.10.4 on win32)" generated="20230602 21:13:28.557" rpa="false" schemaversion="3">
<suite id="s1" name="Projects Assignment final" source="C:\Users\soyeb\PycharmProjects\Projects_Assignment final\Projects_Assignment_final">
<suite id="s1-s1" name="Projects" source="C:\Users\soyeb\PycharmProjects\Projects_Assignment final\Projects_Assignment_final\Projects">
<suite id="s1-s1-s1" name="Project  2" source="C:\Users\soyeb\PycharmProjects\Projects_Assignment final\Projects_Assignment_final\Projects\project _2.robot">
<kw name="open my browser" library="login_resources_p2" type="SETUP">
<kw name="Open Browser" library="SeleniumLibrary">
<arg>${url}</arg>
<arg>${browser}</arg>
<doc>Opens a new browser instance to the optional ``url``.</doc>
<msg timestamp="20230602 21:13:34.527" level="INFO">Opening browser 'chrome' to base url 'http://demo.seleniumeasy.com/input-form-demo.html'.</msg>
<status status="PASS" starttime="20230602 21:13:34.527" endtime="20230602 21:13:41.246"/>
</kw>
<kw name="Maximize Browser Window" library="SeleniumLibrary">
<doc>Maximizes current browser window.</doc>
<status status="PASS" starttime="20230602 21:13:41.246" endtime="20230602 21:13:41.397"/>
</kw>
<status status="PASS" starttime="20230602 21:13:34.527" endtime="20230602 21:13:41.397"/>
</kw>
<test id="s1-s1-s1-t1" name="LoginTestwithExcel using Biswajit and Prusty and bis56@gmail.com and 8309584932 and Bhubaneswar OD and Bhubaneswar and Alaska and 7437" line="9">
<kw name="Login Datas">
<arg>Biswajit</arg>
<arg>Prusty</arg>
<arg>bis56@gmail.com</arg>
<arg>8309584932</arg>
<arg>Bhubaneswar OD</arg>
<arg>Bhubaneswar</arg>
<arg>Alaska</arg>
<arg>7437</arg>
<kw name="enter first name" library="login_resources_p2">
<arg>${first_name}</arg>
<kw name="Input Text" library="SeleniumLibrary">
<arg>name:first_name</arg>
<arg>${first_name}</arg>
<doc>Types the given ``text`` into the text field identified by ``locator``.</doc>
<msg timestamp="20230602 21:13:41.411" level="INFO">Typing text 'Biswajit' into text field 'name:first_name'.</msg>
<status status="PASS" starttime="20230602 21:13:41.406" endtime="20230602 21:13:42.116"/>
</kw>
<status status="PASS" starttime="20230602 21:13:41.406" endtime="20230602 21:13:42.116"/>
</kw>
<kw name="enter last name" library="login_resources_p2">
<arg>${last_name}</arg>
<kw name="Input Text" library="SeleniumLibrary">
<arg>name:last_name</arg>
<arg>${last_name}</arg>
<doc>Types the given ``text`` into the text field identified by ``locator``.</doc>
<msg timestamp="20230602 21:13:42.121" level="INFO">Typing text 'Prusty' into text field 'name:last_name'.</msg>
<status status="PASS" starttime="20230602 21:13:42.121" endtime="20230602 21:13:42.438"/>
</kw>
<status status="PASS" starttime="20230602 21:13:42.116" endtime="20230602 21:13:42.438"/>
</kw>
<kw name="enter email" library="login_resources_p2">
<arg>${email}</arg>
<kw name="Input Text" library="SeleniumLibrary">
<arg>name: email</arg>
<arg>${email}</arg>
<doc>Types the given ``text`` into the text field identified by ``locator``.</doc>
<msg timestamp="20230602 21:13:42.441" level="INFO">Typing text 'bis56@gmail.com' into text field 'name: email'.</msg>
<status status="PASS" starttime="20230602 21:13:42.438" endtime="20230602 21:13:42.742"/>
</kw>
<status status="PASS" starttime="20230602 21:13:42.438" endtime="20230602 21:13:42.742"/>
</kw>
<kw name="enter phone" library="login_resources_p2">
<arg>${phone}</arg>
<kw name="Input Text" library="SeleniumLibrary">
<arg>name:phone</arg>
<arg>${phone}</arg>
<doc>Types the given ``text`` into the text field identified by ``locator``.</doc>
<msg timestamp="20230602 21:13:42.742" level="INFO">Typing text '8309584932' into text field 'name:phone'.</msg>
<status status="PASS" starttime="20230602 21:13:42.742" endtime="20230602 21:13:43.031"/>
</kw>
<status status="PASS" starttime="20230602 21:13:42.742" endtime="20230602 21:13:43.031"/>
</kw>
<kw name="enter address" library="login_resources_p2">
<arg>${address}</arg>
<kw name="Input Text" library="SeleniumLibrary">
<arg>name:address</arg>
<arg>${address}</arg>
<doc>Types the given ``text`` into the text field identified by ``locator``.</doc>
<msg timestamp="20230602 21:13:43.031" level="INFO">Typing text 'Bhubaneswar OD' into text field 'name:address'.</msg>
<status status="PASS" starttime="20230602 21:13:43.031" endtime="20230602 21:13:43.646"/>
</kw>
<status status="PASS" starttime="20230602 21:13:43.031" endtime="20230602 21:13:43.646"/>
</kw>
<kw name="enter city" library="login_resources_p2">
<arg>${city}</arg>
<kw name="Input Text" library="SeleniumLibrary">
<arg>name:city</arg>
<arg>${city}</arg>
<doc>Types the given ``text`` into the text field identified by ``locator``.</doc>
<msg timestamp="20230602 21:13:43.652" level="INFO">Typing text 'Bhubaneswar' into text field 'name:city'.</msg>
<status status="PASS" starttime="20230602 21:13:43.648" endtime="20230602 21:13:44.270"/>
</kw>
<status status="PASS" starttime="20230602 21:13:43.646" endtime="20230602 21:13:44.274"/>
</kw>
<kw name="enter state" library="login_resources_p2">
<arg>${state}</arg>
<kw name="Select From List By Label" library="SeleniumLibrary">
<arg>name:state</arg>
<arg>${state}</arg>
<doc>Selects options from selection list ``locator`` by ``labels``.</doc>
<msg timestamp="20230602 21:13:44.277" level="INFO">Selecting options from selection list 'name:state' by label Alaska.</msg>
<status status="PASS" starttime="20230602 21:13:44.277" endtime="20230602 21:13:44.690"/>
</kw>
<status status="PASS" starttime="20230602 21:13:44.276" endtime="20230602 21:13:44.690"/>
</kw>
<kw name="enter zip" library="login_resources_p2">
<arg>${zip}</arg>
<kw name="Input Text" library="SeleniumLibrary">
<arg>name:zip</arg>
<arg>${zip}</arg>
<doc>Types the given ``text`` into the text field identified by ``locator``.</doc>
<msg timestamp="20230602 21:13:44.693" level="INFO">Typing text '7437' into text field 'name:zip'.</msg>
<status status="PASS" starttime="20230602 21:13:44.693" endtime="20230602 21:13:44.965"/>
</kw>
<status status="PASS" starttime="20230602 21:13:44.690" endtime="20230602 21:13:44.966"/>
</kw>
<kw name="enter website" library="login_resources_p2">
<kw name="Input Text" library="SeleniumLibrary">
<arg>name:website</arg>
<arg>www.xyz.com</arg>
<doc>Types the given ``text`` into the text field identified by ``locator``.</doc>
<msg timestamp="20230602 21:13:44.968" level="INFO">Typing text 'www.xyz.com' into text field 'name:website'.</msg>
<status status="PASS" starttime="20230602 21:13:44.966" endtime="20230602 21:13:45.440"/>
</kw>
<status status="PASS" starttime="20230602 21:13:44.966" endtime="20230602 21:13:45.442"/>
</kw>
<kw name="click the element" library="login_resources_p2">
<kw name="Click Element" library="SeleniumLibrary">
<arg>xpath://input[@value='yes']</arg>
<doc>Click the element identified by ``locator``.</doc>
<msg timestamp="20230602 21:13:45.449" level="INFO">Clicking element 'xpath://input[@value='yes']'.</msg>
<status status="PASS" starttime="20230602 21:13:45.446" endtime="20230602 21:13:45.612"/>
</kw>
<status status="PASS" starttime="20230602 21:13:45.443" endtime="20230602 21:13:45.612"/>
</kw>
<kw name="enter comment" library="login_resources_p2">
<kw name="Input Text" library="SeleniumLibrary">
<arg>comment</arg>
<arg>please complete it before eod</arg>
<doc>Types the given ``text`` into the text field identified by ``locator``.</doc>
<msg timestamp="20230602 21:13:45.612" level="INFO">Typing text 'please complete it before eod' into text field 'comment'.</msg>
<status status="PASS" starttime="20230602 21:13:45.612" endtime="20230602 21:13:46.489"/>
</kw>
<kw name="Wait Until Element Is Enabled" library="SeleniumLibrary">
<arg>xpath://button[@type='submit'][@class='btn btn-default']</arg>
<doc>Waits until the element ``locator`` is enabled.</doc>
<status status="PASS" starttime="20230602 21:13:46.489" endtime="20230602 21:13:46.922"/>
</kw>
<status status="PASS" starttime="20230602 21:13:45.612" endtime="20230602 21:13:46.922"/>
</kw>
<kw name="click submit" library="login_resources_p2">
<kw name="Click Element" library="SeleniumLibrary">
<arg>xpath://button[@type='submit'][@class='btn btn-default']</arg>
<doc>Click the element identified by ``locator``.</doc>
<msg timestamp="20230602 21:13:46.922" level="INFO">Clicking element 'xpath://button[@type='submit'][@class='btn btn-default']'.</msg>
<status status="PASS" starttime="20230602 21:13:46.922" endtime="20230602 21:13:47.076"/>
</kw>
<status status="PASS" starttime="20230602 21:13:46.922" endtime="20230602 21:13:47.077"/>
</kw>
<status status="PASS" starttime="20230602 21:13:41.405" endtime="20230602 21:13:47.077"/>
</kw>
<status status="PASS" starttime="20230602 21:13:41.397" endtime="20230602 21:13:47.078"/>
</test>
<test id="s1-s1-s1-t2" name="LoginTestwithExcel using Haris and Sen and harisn@yahoo.com and 3328932959 and Mumbai MR and Mumbai and Arizona and 4798" line="9">
<kw name="Login Datas">
<arg>Haris</arg>
<arg>Sen</arg>
<arg>harisn@yahoo.com</arg>
<arg>3328932959</arg>
<arg>Mumbai MR</arg>
<arg>Mumbai</arg>
<arg>Arizona</arg>
<arg>4798</arg>
<kw name="enter first name" library="login_resources_p2">
<arg>${first_name}</arg>
<kw name="Input Text" library="SeleniumLibrary">
<arg>name:first_name</arg>
<arg>${first_name}</arg>
<doc>Types the given ``text`` into the text field identified by ``locator``.</doc>
<msg timestamp="20230602 21:13:47.087" level="INFO">Typing text 'Haris' into text field 'name:first_name'.</msg>
<status status="PASS" starttime="20230602 21:13:47.087" endtime="20230602 21:13:47.379"/>
</kw>
<status status="PASS" starttime="20230602 21:13:47.079" endtime="20230602 21:13:47.379"/>
</kw>
<kw name="enter last name" library="login_resources_p2">
<arg>${last_name}</arg>
<kw name="Input Text" library="SeleniumLibrary">
<arg>name:last_name</arg>
<arg>${last_name}</arg>
<doc>Types the given ``text`` into the text field identified by ``locator``.</doc>
<msg timestamp="20230602 21:13:47.382" level="INFO">Typing text 'Sen' into text field 'name:last_name'.</msg>
<status status="PASS" starttime="20230602 21:13:47.382" endtime="20230602 21:13:47.845"/>
</kw>
<status status="PASS" starttime="20230602 21:13:47.379" endtime="20230602 21:13:47.846"/>
</kw>
<kw name="enter email" library="login_resources_p2">
<arg>${email}</arg>
<kw name="Input Text" library="SeleniumLibrary">
<arg>name: email</arg>
<arg>${email}</arg>
<doc>Types the given ``text`` into the text field identified by ``locator``.</doc>
<msg timestamp="20230602 21:13:47.853" level="INFO">Typing text 'harisn@yahoo.com' into text field 'name: email'.</msg>
<status status="PASS" starttime="20230602 21:13:47.850" endtime="20230602 21:13:48.676"/>
</kw>
<status status="PASS" starttime="20230602 21:13:47.846" endtime="20230602 21:13:48.676"/>
</kw>
<kw name="enter phone" library="login_resources_p2">
<arg>${phone}</arg>
<kw name="Input Text" library="SeleniumLibrary">
<arg>name:phone</arg>
<arg>${phone}</arg>
<doc>Types the given ``text`` into the text field identified by ``locator``.</doc>
<msg timestamp="20230602 21:13:48.682" level="INFO">Typing text '3328932959' into text field 'name:phone'.</msg>
<status status="PASS" starttime="20230602 21:13:48.679" endtime="20230602 21:13:49.354"/>
</kw>
<status status="PASS" starttime="20230602 21:13:48.676" endtime="20230602 21:13:49.357"/>
</kw>
<kw name="enter address" library="login_resources_p2">
<arg>${address}</arg>
<kw name="Input Text" library="SeleniumLibrary">
<arg>name:address</arg>
<arg>${address}</arg>
<doc>Types the given ``text`` into the text field identified by ``locator``.</doc>
<msg timestamp="20230602 21:13:49.363" level="INFO">Typing text 'Mumbai MR' into text field 'name:address'.</msg>
<status status="PASS" starttime="20230602 21:13:49.361" endtime="20230602 21:13:49.826"/>
</kw>
<status status="PASS" starttime="20230602 21:13:49.357" endtime="20230602 21:13:49.826"/>
</kw>
<kw name="enter city" library="login_resources_p2">
<arg>${city}</arg>
<kw name="Input Text" library="SeleniumLibrary">
<arg>name:city</arg>
<arg>${city}</arg>
<doc>Types the given ``text`` into the text field identified by ``locator``.</doc>
<msg timestamp="20230602 21:13:49.826" level="INFO">Typing text 'Mumbai' into text field 'name:city'.</msg>
<status status="PASS" starttime="20230602 21:13:49.826" endtime="20230602 21:13:50.367"/>
</kw>
<status status="PASS" starttime="20230602 21:13:49.826" endtime="20230602 21:13:50.367"/>
</kw>
<kw name="enter state" library="login_resources_p2">
<arg>${state}</arg>
<kw name="Select From List By Label" library="SeleniumLibrary">
<arg>name:state</arg>
<arg>${state}</arg>
<doc>Selects options from selection list ``locator`` by ``labels``.</doc>
<msg timestamp="20230602 21:13:50.371" level="INFO">Selecting options from selection list 'name:state' by label Arizona.</msg>
<status status="PASS" starttime="20230602 21:13:50.369" endtime="20230602 21:13:50.753"/>
</kw>
<status status="PASS" starttime="20230602 21:13:50.367" endtime="20230602 21:13:50.753"/>
</kw>
<kw name="enter zip" library="login_resources_p2">
<arg>${zip}</arg>
<kw name="Input Text" library="SeleniumLibrary">
<arg>name:zip</arg>
<arg>${zip}</arg>
<doc>Types the given ``text`` into the text field identified by ``locator``.</doc>
<msg timestamp="20230602 21:13:50.760" level="INFO">Typing text '4798' into text field 'name:zip'.</msg>
<status status="PASS" starttime="20230602 21:13:50.756" endtime="20230602 21:13:51.129"/>
</kw>
<status status="PASS" starttime="20230602 21:13:50.756" endtime="20230602 21:13:51.129"/>
</kw>
<kw name="enter website" library="login_resources_p2">
<kw name="Input Text" library="SeleniumLibrary">
<arg>name:website</arg>
<arg>www.xyz.com</arg>
<doc>Types the given ``text`` into the text field identified by ``locator``.</doc>
<msg timestamp="20230602 21:13:51.129" level="INFO">Typing text 'www.xyz.com' into text field 'name:website'.</msg>
<status status="PASS" starttime="20230602 21:13:51.129" endtime="20230602 21:13:51.561"/>
</kw>
<status status="PASS" starttime="20230602 21:13:51.129" endtime="20230602 21:13:51.561"/>
</kw>
<kw name="click the element" library="login_resources_p2">
<kw name="Click Element" library="SeleniumLibrary">
<arg>xpath://input[@value='yes']</arg>
<doc>Click the element identified by ``locator``.</doc>
<msg timestamp="20230602 21:13:51.564" level="INFO">Clicking element 'xpath://input[@value='yes']'.</msg>
<status status="PASS" starttime="20230602 21:13:51.563" endtime="20230602 21:13:51.789"/>
</kw>
<status status="PASS" starttime="20230602 21:13:51.562" endtime="20230602 21:13:51.789"/>
</kw>
<kw name="enter comment" library="login_resources_p2">
<kw name="Input Text" library="SeleniumLibrary">
<arg>comment</arg>
<arg>please complete it before eod</arg>
<doc>Types the given ``text`` into the text field identified by ``locator``.</doc>
<msg timestamp="20230602 21:13:51.796" level="INFO">Typing text 'please complete it before eod' into text field 'comment'.</msg>
<status status="PASS" starttime="20230602 21:13:51.789" endtime="20230602 21:13:52.856"/>
</kw>
<kw name="Wait Until Element Is Enabled" library="SeleniumLibrary">
<arg>xpath://button[@type='submit'][@class='btn btn-default']</arg>
<doc>Waits until the element ``locator`` is enabled.</doc>
<status status="PASS" starttime="20230602 21:13:52.856" endtime="20230602 21:13:53.038"/>
</kw>
<status status="PASS" starttime="20230602 21:13:51.789" endtime="20230602 21:13:53.038"/>
</kw>
<kw name="click submit" library="login_resources_p2">
<kw name="Click Element" library="SeleniumLibrary">
<arg>xpath://button[@type='submit'][@class='btn btn-default']</arg>
<doc>Click the element identified by ``locator``.</doc>
<msg timestamp="20230602 21:13:53.038" level="INFO">Clicking element 'xpath://button[@type='submit'][@class='btn btn-default']'.</msg>
<status status="PASS" starttime="20230602 21:13:53.038" endtime="20230602 21:13:53.305"/>
</kw>
<status status="PASS" starttime="20230602 21:13:53.038" endtime="20230602 21:13:53.306"/>
</kw>
<status status="PASS" starttime="20230602 21:13:47.079" endtime="20230602 21:13:53.306"/>
</kw>
<status status="PASS" starttime="20230602 21:13:47.079" endtime="20230602 21:13:53.308"/>
</test>
<test id="s1-s1-s1-t3" name="LoginTestwithExcel using Mohan and Nayak and mm345@gmail.com and 2843524954 and Kolkata WB and Kolkata and Florida and 7745" line="9">
<kw name="Login Datas">
<arg>Mohan</arg>
<arg>Nayak</arg>
<arg>mm345@gmail.com</arg>
<arg>2843524954</arg>
<arg>Kolkata WB</arg>
<arg>Kolkata</arg>
<arg>Florida</arg>
<arg>7745</arg>
<kw name="enter first name" library="login_resources_p2">
<arg>${first_name}</arg>
<kw name="Input Text" library="SeleniumLibrary">
<arg>name:first_name</arg>
<arg>${first_name}</arg>
<doc>Types the given ``text`` into the text field identified by ``locator``.</doc>
<msg timestamp="20230602 21:13:53.338" level="INFO">Typing text 'Mohan' into text field 'name:first_name'.</msg>
<status status="PASS" starttime="20230602 21:13:53.332" endtime="20230602 21:13:53.713"/>
</kw>
<status status="PASS" starttime="20230602 21:13:53.328" endtime="20230602 21:13:53.713"/>
</kw>
<kw name="enter last name" library="login_resources_p2">
<arg>${last_name}</arg>
<kw name="Input Text" library="SeleniumLibrary">
<arg>name:last_name</arg>
<arg>${last_name}</arg>
<doc>Types the given ``text`` into the text field identified by ``locator``.</doc>
<msg timestamp="20230602 21:13:53.717" level="INFO">Typing text 'Nayak' into text field 'name:last_name'.</msg>
<status status="PASS" starttime="20230602 21:13:53.715" endtime="20230602 21:13:54.236"/>
</kw>
<status status="PASS" starttime="20230602 21:13:53.715" endtime="20230602 21:13:54.241"/>
</kw>
<kw name="enter email" library="login_resources_p2">
<arg>${email}</arg>
<kw name="Input Text" library="SeleniumLibrary">
<arg>name: email</arg>
<arg>${email}</arg>
<doc>Types the given ``text`` into the text field identified by ``locator``.</doc>
<msg timestamp="20230602 21:13:54.247" level="INFO">Typing text 'mm345@gmail.com' into text field 'name: email'.</msg>
<status status="PASS" starttime="20230602 21:13:54.244" endtime="20230602 21:13:54.819"/>
</kw>
<status status="PASS" starttime="20230602 21:13:54.241" endtime="20230602 21:13:54.822"/>
</kw>
<kw name="enter phone" library="login_resources_p2">
<arg>${phone}</arg>
<kw name="Input Text" library="SeleniumLibrary">
<arg>name:phone</arg>
<arg>${phone}</arg>
<doc>Types the given ``text`` into the text field identified by ``locator``.</doc>
<msg timestamp="20230602 21:13:54.824" level="INFO">Typing text '2843524954' into text field 'name:phone'.</msg>
<status status="PASS" starttime="20230602 21:13:54.824" endtime="20230602 21:13:55.421"/>
</kw>
<status status="PASS" starttime="20230602 21:13:54.823" endtime="20230602 21:13:55.424"/>
</kw>
<kw name="enter address" library="login_resources_p2">
<arg>${address}</arg>
<kw name="Input Text" library="SeleniumLibrary">
<arg>name:address</arg>
<arg>${address}</arg>
<doc>Types the given ``text`` into the text field identified by ``locator``.</doc>
<msg timestamp="20230602 21:13:55.426" level="INFO">Typing text 'Kolkata WB' into text field 'name:address'.</msg>
<status status="PASS" starttime="20230602 21:13:55.425" endtime="20230602 21:13:56.064"/>
</kw>
<status status="PASS" starttime="20230602 21:13:55.424" endtime="20230602 21:13:56.065"/>
</kw>
<kw name="enter city" library="login_resources_p2">
<arg>${city}</arg>
<kw name="Input Text" library="SeleniumLibrary">
<arg>name:city</arg>
<arg>${city}</arg>
<doc>Types the given ``text`` into the text field identified by ``locator``.</doc>
<msg timestamp="20230602 21:13:56.070" level="INFO">Typing text 'Kolkata' into text field 'name:city'.</msg>
<status status="PASS" starttime="20230602 21:13:56.066" endtime="20230602 21:13:56.703"/>
</kw>
<status status="PASS" starttime="20230602 21:13:56.065" endtime="20230602 21:13:56.706"/>
</kw>
<kw name="enter state" library="login_resources_p2">
<arg>${state}</arg>
<kw name="Select From List By Label" library="SeleniumLibrary">
<arg>name:state</arg>
<arg>${state}</arg>
<doc>Selects options from selection list ``locator`` by ``labels``.</doc>
<msg timestamp="20230602 21:13:56.713" level="INFO">Selecting options from selection list 'name:state' by label Florida.</msg>
<status status="PASS" starttime="20230602 21:13:56.707" endtime="20230602 21:13:57.038"/>
</kw>
<status status="PASS" starttime="20230602 21:13:56.707" endtime="20230602 21:13:57.038"/>
</kw>
<kw name="enter zip" library="login_resources_p2">
<arg>${zip}</arg>
<kw name="Input Text" library="SeleniumLibrary">
<arg>name:zip</arg>
<arg>${zip}</arg>
<doc>Types the given ``text`` into the text field identified by ``locator``.</doc>
<msg timestamp="20230602 21:13:57.046" level="INFO">Typing text '7745' into text field 'name:zip'.</msg>
<status status="PASS" starttime="20230602 21:13:57.042" endtime="20230602 21:13:57.591"/>
</kw>
<status status="PASS" starttime="20230602 21:13:57.038" endtime="20230602 21:13:57.594"/>
</kw>
<kw name="enter website" library="login_resources_p2">
<kw name="Input Text" library="SeleniumLibrary">
<arg>name:website</arg>
<arg>www.xyz.com</arg>
<doc>Types the given ``text`` into the text field identified by ``locator``.</doc>
<msg timestamp="20230602 21:13:57.597" level="INFO">Typing text 'www.xyz.com' into text field 'name:website'.</msg>
<status status="PASS" starttime="20230602 21:13:57.597" endtime="20230602 21:13:58.086"/>
</kw>
<status status="PASS" starttime="20230602 21:13:57.596" endtime="20230602 21:13:58.086"/>
</kw>
<kw name="click the element" library="login_resources_p2">
<kw name="Click Element" library="SeleniumLibrary">
<arg>xpath://input[@value='yes']</arg>
<doc>Click the element identified by ``locator``.</doc>
<msg timestamp="20230602 21:13:58.090" level="INFO">Clicking element 'xpath://input[@value='yes']'.</msg>
<status status="PASS" starttime="20230602 21:13:58.089" endtime="20230602 21:13:58.322"/>
</kw>
<status status="PASS" starttime="20230602 21:13:58.088" endtime="20230602 21:13:58.322"/>
</kw>
<kw name="enter comment" library="login_resources_p2">
<kw name="Input Text" library="SeleniumLibrary">
<arg>comment</arg>
<arg>please complete it before eod</arg>
<doc>Types the given ``text`` into the text field identified by ``locator``.</doc>
<msg timestamp="20230602 21:13:58.327" level="INFO">Typing text 'please complete it before eod' into text field 'comment'.</msg>
<status status="PASS" starttime="20230602 21:13:58.325" endtime="20230602 21:13:59.335"/>
</kw>
<kw name="Wait Until Element Is Enabled" library="SeleniumLibrary">
<arg>xpath://button[@type='submit'][@class='btn btn-default']</arg>
<doc>Waits until the element ``locator`` is enabled.</doc>
<status status="PASS" starttime="20230602 21:13:59.336" endtime="20230602 21:13:59.466"/>
</kw>
<status status="PASS" starttime="20230602 21:13:58.322" endtime="20230602 21:13:59.466"/>
</kw>
<kw name="click submit" library="login_resources_p2">
<kw name="Click Element" library="SeleniumLibrary">
<arg>xpath://button[@type='submit'][@class='btn btn-default']</arg>
<doc>Click the element identified by ``locator``.</doc>
<msg timestamp="20230602 21:13:59.466" level="INFO">Clicking element 'xpath://button[@type='submit'][@class='btn btn-default']'.</msg>
<status status="PASS" starttime="20230602 21:13:59.466" endtime="20230602 21:13:59.749"/>
</kw>
<status status="PASS" starttime="20230602 21:13:59.466" endtime="20230602 21:13:59.749"/>
</kw>
<status status="PASS" starttime="20230602 21:13:53.325" endtime="20230602 21:13:59.749"/>
</kw>
<status status="PASS" starttime="20230602 21:13:53.311" endtime="20230602 21:13:59.752"/>
</test>
<test id="s1-s1-s1-t4" name="LoginTestwithExcel using Kamal and Sahoo and kamal89@outlook.com and 8343894935 and Chennai TN and Chennai and Hawaii and 4389" line="9">
<kw name="Login Datas">
<arg>Kamal</arg>
<arg>Sahoo</arg>
<arg>kamal89@outlook.com</arg>
<arg>8343894935</arg>
<arg>Chennai TN</arg>
<arg>Chennai</arg>
<arg>Hawaii</arg>
<arg>4389</arg>
<kw name="enter first name" library="login_resources_p2">
<arg>${first_name}</arg>
<kw name="Input Text" library="SeleniumLibrary">
<arg>name:first_name</arg>
<arg>${first_name}</arg>
<doc>Types the given ``text`` into the text field identified by ``locator``.</doc>
<msg timestamp="20230602 21:13:59.778" level="INFO">Typing text 'Kamal' into text field 'name:first_name'.</msg>
<status status="PASS" starttime="20230602 21:13:59.772" endtime="20230602 21:14:00.215"/>
</kw>
<status status="PASS" starttime="20230602 21:13:59.767" endtime="20230602 21:14:00.215"/>
</kw>
<kw name="enter last name" library="login_resources_p2">
<arg>${last_name}</arg>
<kw name="Input Text" library="SeleniumLibrary">
<arg>name:last_name</arg>
<arg>${last_name}</arg>
<doc>Types the given ``text`` into the text field identified by ``locator``.</doc>
<msg timestamp="20230602 21:14:00.219" level="INFO">Typing text 'Sahoo' into text field 'name:last_name'.</msg>
<status status="PASS" starttime="20230602 21:14:00.216" endtime="20230602 21:14:00.763"/>
</kw>
<status status="PASS" starttime="20230602 21:14:00.215" endtime="20230602 21:14:00.763"/>
</kw>
<kw name="enter email" library="login_resources_p2">
<arg>${email}</arg>
<kw name="Input Text" library="SeleniumLibrary">
<arg>name: email</arg>
<arg>${email}</arg>
<doc>Types the given ``text`` into the text field identified by ``locator``.</doc>
<msg timestamp="20230602 21:14:00.772" level="INFO">Typing text 'kamal89@outlook.com' into text field 'name: email'.</msg>
<status status="PASS" starttime="20230602 21:14:00.768" endtime="20230602 21:14:01.374"/>
</kw>
<status status="PASS" starttime="20230602 21:14:00.763" endtime="20230602 21:14:01.375"/>
</kw>
<kw name="enter phone" library="login_resources_p2">
<arg>${phone}</arg>
<kw name="Input Text" library="SeleniumLibrary">
<arg>name:phone</arg>
<arg>${phone}</arg>
<doc>Types the given ``text`` into the text field identified by ``locator``.</doc>
<msg timestamp="20230602 21:14:01.380" level="INFO">Typing text '8343894935' into text field 'name:phone'.</msg>
<status status="PASS" starttime="20230602 21:14:01.378" endtime="20230602 21:14:01.929"/>
</kw>
<status status="PASS" starttime="20230602 21:14:01.377" endtime="20230602 21:14:01.930"/>
</kw>
<kw name="enter address" library="login_resources_p2">
<arg>${address}</arg>
<kw name="Input Text" library="SeleniumLibrary">
<arg>name:address</arg>
<arg>${address}</arg>
<doc>Types the given ``text`` into the text field identified by ``locator``.</doc>
<msg timestamp="20230602 21:14:01.931" level="INFO">Typing text 'Chennai TN' into text field 'name:address'.</msg>
<status status="PASS" starttime="20230602 21:14:01.931" endtime="20230602 21:14:02.591"/>
</kw>
<status status="PASS" starttime="20230602 21:14:01.930" endtime="20230602 21:14:02.597"/>
</kw>
<kw name="enter city" library="login_resources_p2">
<arg>${city}</arg>
<kw name="Input Text" library="SeleniumLibrary">
<arg>name:city</arg>
<arg>${city}</arg>
<doc>Types the given ``text`` into the text field identified by ``locator``.</doc>
<msg timestamp="20230602 21:14:02.604" level="INFO">Typing text 'Chennai' into text field 'name:city'.</msg>
<status status="PASS" starttime="20230602 21:14:02.597" endtime="20230602 21:14:03.210"/>
</kw>
<status status="PASS" starttime="20230602 21:14:02.597" endtime="20230602 21:14:03.211"/>
</kw>
<kw name="enter state" library="login_resources_p2">
<arg>${state}</arg>
<kw name="Select From List By Label" library="SeleniumLibrary">
<arg>name:state</arg>
<arg>${state}</arg>
<doc>Selects options from selection list ``locator`` by ``labels``.</doc>
<msg timestamp="20230602 21:14:03.211" level="INFO">Selecting options from selection list 'name:state' by label Hawaii.</msg>
<status status="PASS" starttime="20230602 21:14:03.211" endtime="20230602 21:14:03.596"/>
</kw>
<status status="PASS" starttime="20230602 21:14:03.211" endtime="20230602 21:14:03.596"/>
</kw>
<kw name="enter zip" library="login_resources_p2">
<arg>${zip}</arg>
<kw name="Input Text" library="SeleniumLibrary">
<arg>name:zip</arg>
<arg>${zip}</arg>
<doc>Types the given ``text`` into the text field identified by ``locator``.</doc>
<msg timestamp="20230602 21:14:03.606" level="INFO">Typing text '4389' into text field 'name:zip'.</msg>
<status status="PASS" starttime="20230602 21:14:03.601" endtime="20230602 21:14:04.070"/>
</kw>
<status status="PASS" starttime="20230602 21:14:03.598" endtime="20230602 21:14:04.070"/>
</kw>
<kw name="enter website" library="login_resources_p2">
<kw name="Input Text" library="SeleniumLibrary">
<arg>name:website</arg>
<arg>www.xyz.com</arg>
<doc>Types the given ``text`` into the text field identified by ``locator``.</doc>
<msg timestamp="20230602 21:14:04.078" level="INFO">Typing text 'www.xyz.com' into text field 'name:website'.</msg>
<status status="PASS" starttime="20230602 21:14:04.076" endtime="20230602 21:14:04.614"/>
</kw>
<status status="PASS" starttime="20230602 21:14:04.070" endtime="20230602 21:14:04.614"/>
</kw>
<kw name="click the element" library="login_resources_p2">
<kw name="Click Element" library="SeleniumLibrary">
<arg>xpath://input[@value='yes']</arg>
<doc>Click the element identified by ``locator``.</doc>
<msg timestamp="20230602 21:14:04.620" level="INFO">Clicking element 'xpath://input[@value='yes']'.</msg>
<status status="PASS" starttime="20230602 21:14:04.618" endtime="20230602 21:14:04.874"/>
</kw>
<status status="PASS" starttime="20230602 21:14:04.616" endtime="20230602 21:14:04.874"/>
</kw>
<kw name="enter comment" library="login_resources_p2">
<kw name="Input Text" library="SeleniumLibrary">
<arg>comment</arg>
<arg>please complete it before eod</arg>
<doc>Types the given ``text`` into the text field identified by ``locator``.</doc>
<msg timestamp="20230602 21:14:04.876" level="INFO">Typing text 'please complete it before eod' into text field 'comment'.</msg>
<status status="PASS" starttime="20230602 21:14:04.876" endtime="20230602 21:14:05.772"/>
</kw>
<kw name="Wait Until Element Is Enabled" library="SeleniumLibrary">
<arg>xpath://button[@type='submit'][@class='btn btn-default']</arg>
<doc>Waits until the element ``locator`` is enabled.</doc>
<status status="PASS" starttime="20230602 21:14:05.773" endtime="20230602 21:14:05.918"/>
</kw>
<status status="PASS" starttime="20230602 21:14:04.874" endtime="20230602 21:14:05.918"/>
</kw>
<kw name="click submit" library="login_resources_p2">
<kw name="Click Element" library="SeleniumLibrary">
<arg>xpath://button[@type='submit'][@class='btn btn-default']</arg>
<doc>Click the element identified by ``locator``.</doc>
<msg timestamp="20230602 21:14:05.924" level="INFO">Clicking element 'xpath://button[@type='submit'][@class='btn btn-default']'.</msg>
<status status="PASS" starttime="20230602 21:14:05.921" endtime="20230602 21:14:06.189"/>
</kw>
<status status="PASS" starttime="20230602 21:14:05.918" endtime="20230602 21:14:06.189"/>
</kw>
<status status="PASS" starttime="20230602 21:13:59.767" endtime="20230602 21:14:06.190"/>
</kw>
<status status="PASS" starttime="20230602 21:13:59.756" endtime="20230602 21:14:06.191"/>
</test>
<test id="s1-s1-s1-t5" name="LoginTestwithExcel using Shyam and Das and smdas@gmail.com and 4343598898 and Delhi ND and Delhi and lowa and 4348" line="9">
<kw name="Login Datas">
<arg>Shyam</arg>
<arg>Das</arg>
<arg>smdas@gmail.com</arg>
<arg>4343598898</arg>
<arg>Delhi ND</arg>
<arg>Delhi</arg>
<arg>lowa</arg>
<arg>4348</arg>
<kw name="enter first name" library="login_resources_p2">
<arg>${first_name}</arg>
<kw name="Input Text" library="SeleniumLibrary">
<arg>name:first_name</arg>
<arg>${first_name}</arg>
<doc>Types the given ``text`` into the text field identified by ``locator``.</doc>
<msg timestamp="20230602 21:14:06.211" level="INFO">Typing text 'Shyam' into text field 'name:first_name'.</msg>
<status status="PASS" starttime="20230602 21:14:06.211" endtime="20230602 21:14:06.771"/>
</kw>
<status status="PASS" starttime="20230602 21:14:06.206" endtime="20230602 21:14:06.771"/>
</kw>
<kw name="enter last name" library="login_resources_p2">
<arg>${last_name}</arg>
<kw name="Input Text" library="SeleniumLibrary">
<arg>name:last_name</arg>
<arg>${last_name}</arg>
<doc>Types the given ``text`` into the text field identified by ``locator``.</doc>
<msg timestamp="20230602 21:14:06.778" level="INFO">Typing text 'Das' into text field 'name:last_name'.</msg>
<status status="PASS" starttime="20230602 21:14:06.778" endtime="20230602 21:14:07.320"/>
</kw>
<status status="PASS" starttime="20230602 21:14:06.774" endtime="20230602 21:14:07.320"/>
</kw>
<kw name="enter email" library="login_resources_p2">
<arg>${email}</arg>
<kw name="Input Text" library="SeleniumLibrary">
<arg>name: email</arg>
<arg>${email}</arg>
<doc>Types the given ``text`` into the text field identified by ``locator``.</doc>
<msg timestamp="20230602 21:14:07.326" level="INFO">Typing text 'smdas@gmail.com' into text field 'name: email'.</msg>
<status status="PASS" starttime="20230602 21:14:07.324" endtime="20230602 21:14:07.846"/>
</kw>
<status status="PASS" starttime="20230602 21:14:07.322" endtime="20230602 21:14:07.846"/>
</kw>
<kw name="enter phone" library="login_resources_p2">
<arg>${phone}</arg>
<kw name="Input Text" library="SeleniumLibrary">
<arg>name:phone</arg>
<arg>${phone}</arg>
<doc>Types the given ``text`` into the text field identified by ``locator``.</doc>
<msg timestamp="20230602 21:14:07.850" level="INFO">Typing text '4343598898' into text field 'name:phone'.</msg>
<status status="PASS" starttime="20230602 21:14:07.846" endtime="20230602 21:14:08.452"/>
</kw>
<status status="PASS" starttime="20230602 21:14:07.846" endtime="20230602 21:14:08.452"/>
</kw>
<kw name="enter address" library="login_resources_p2">
<arg>${address}</arg>
<kw name="Input Text" library="SeleniumLibrary">
<arg>name:address</arg>
<arg>${address}</arg>
<doc>Types the given ``text`` into the text field identified by ``locator``.</doc>
<msg timestamp="20230602 21:14:08.455" level="INFO">Typing text 'Delhi ND' into text field 'name:address'.</msg>
<status status="PASS" starttime="20230602 21:14:08.454" endtime="20230602 21:14:08.826"/>
</kw>
<status status="PASS" starttime="20230602 21:14:08.452" endtime="20230602 21:14:08.826"/>
</kw>
<kw name="enter city" library="login_resources_p2">
<arg>${city}</arg>
<kw name="Input Text" library="SeleniumLibrary">
<arg>name:city</arg>
<arg>${city}</arg>
<doc>Types the given ``text`` into the text field identified by ``locator``.</doc>
<msg timestamp="20230602 21:14:08.830" level="INFO">Typing text 'Delhi' into text field 'name:city'.</msg>
<status status="PASS" starttime="20230602 21:14:08.829" endtime="20230602 21:14:09.408"/>
</kw>
<status status="PASS" starttime="20230602 21:14:08.826" endtime="20230602 21:14:09.408"/>
</kw>
<kw name="enter state" library="login_resources_p2">
<arg>${state}</arg>
<kw name="Select From List By Label" library="SeleniumLibrary">
<arg>name:state</arg>
<arg>${state}</arg>
<doc>Selects options from selection list ``locator`` by ``labels``.</doc>
<msg timestamp="20230602 21:14:09.416" level="INFO">Selecting options from selection list 'name:state' by label lowa.</msg>
<msg timestamp="20230602 21:14:09.976" level="INFO" html="true">&lt;/td&gt;&lt;/tr&gt;&lt;tr&gt;&lt;td colspan="3"&gt;&lt;a href="selenium-screenshot-1.png"&gt;&lt;img src="selenium-screenshot-1.png" width="800px"&gt;&lt;/a&gt;</msg>
<msg timestamp="20230602 21:14:09.976" level="FAIL">NoSuchElementException: Message: Could not locate element with visible text: lowa
</msg>
<status status="FAIL" starttime="20230602 21:14:09.413" endtime="20230602 21:14:10.036"/>
</kw>
<status status="FAIL" starttime="20230602 21:14:09.408" endtime="20230602 21:14:10.036"/>
</kw>
<kw name="enter zip" library="login_resources_p2">
<arg>${zip}</arg>
<status status="NOT RUN" starttime="20230602 21:14:10.036" endtime="20230602 21:14:10.036"/>
</kw>
<kw name="enter website" library="login_resources_p2">
<status status="NOT RUN" starttime="20230602 21:14:10.036" endtime="20230602 21:14:10.036"/>
</kw>
<kw name="click the element" library="login_resources_p2">
<status status="NOT RUN" starttime="20230602 21:14:10.036" endtime="20230602 21:14:10.036"/>
</kw>
<kw name="enter comment" library="login_resources_p2">
<status status="NOT RUN" starttime="20230602 21:14:10.036" endtime="20230602 21:14:10.036"/>
</kw>
<kw name="click submit" library="login_resources_p2">
<status status="NOT RUN" starttime="20230602 21:14:10.036" endtime="20230602 21:14:10.036"/>
</kw>
<status status="FAIL" starttime="20230602 21:14:06.201" endtime="20230602 21:14:10.036"/>
</kw>
<status status="FAIL" starttime="20230602 21:14:06.197" endtime="20230602 21:14:10.038">NoSuchElementException: Message: Could not locate element with visible text: lowa
</status>
</test>
<kw name="close my browser" library="login_resources_p2" type="TEARDOWN">
<kw name="Close All Browsers" library="SeleniumLibrary">
<doc>Closes all open browsers and resets the browser cache.</doc>
<status status="PASS" starttime="20230602 21:14:10.040" endtime="20230602 21:14:12.267"/>
</kw>
<status status="PASS" starttime="20230602 21:14:10.039" endtime="20230602 21:14:12.267"/>
</kw>
<status status="FAIL" starttime="20230602 21:13:28.629" endtime="20230602 21:14:12.267"/>
</suite>
<suite id="s1-s1-s2" name="Project 1" source="C:\Users\soyeb\PycharmProjects\Projects_Assignment final\Projects_Assignment_final\Projects\project_1.robot">
<test id="s1-s1-s2-t1" name="Project_1" line="16">
<kw name="Open Browser" library="SeleniumLibrary">
<arg>${url}</arg>
<arg>${browser}</arg>
<doc>Opens a new browser instance to the optional ``url``.</doc>
<msg timestamp="20230602 21:14:12.299" level="INFO">Opening browser 'chrome' to base url 'https://www.parasoft.com/contact/'.</msg>
<status status="PASS" starttime="20230602 21:14:12.299" endtime="20230602 21:14:23.092"/>
</kw>
<kw name="Maximize Browser Window" library="SeleniumLibrary">
<doc>Maximizes current browser window.</doc>
<status status="PASS" starttime="20230602 21:14:23.094" endtime="20230602 21:14:23.382"/>
</kw>
<kw name="Click Link" library="SeleniumLibrary">
<arg>link:Accept</arg>
<doc>Clicks a link identified by ``locator``.</doc>
<msg timestamp="20230602 21:14:23.382" level="INFO">Clicking link 'link:Accept'.</msg>
<status status="PASS" starttime="20230602 21:14:23.382" endtime="20230602 21:14:24.222"/>
</kw>
<kw name="Sleep" library="BuiltIn">
<arg>3</arg>
<doc>Pauses the test executed for the given time.</doc>
<msg timestamp="20230602 21:14:27.233" level="INFO">Slept 3 seconds</msg>
<status status="PASS" starttime="20230602 21:14:24.224" endtime="20230602 21:14:27.233"/>
</kw>
<kw name="Title Should Be" library="SeleniumLibrary">
<arg>${Title}</arg>
<doc>Verifies that the current page title equals ``title``.</doc>
<msg timestamp="20230602 21:14:27.265" level="INFO">Page title is 'Contact Us | Parasoft'.</msg>
<status status="PASS" starttime="20230602 21:14:27.236" endtime="20230602 21:14:27.265"/>
</kw>
<kw name="Log To Console" library="BuiltIn">
<arg>${Title}</arg>
<doc>Logs the given message to the console.</doc>
<status status="PASS" starttime="20230602 21:14:27.266" endtime="20230602 21:14:27.266"/>
</kw>
<kw name="InCorrect_Log_Details">
<kw name="Set Selenium Implicit Wait" library="SeleniumLibrary">
<arg>10</arg>
<doc>Sets the implicit wait value used by Selenium.</doc>
<status status="PASS" starttime="20230602 21:14:27.266" endtime="20230602 21:14:27.276"/>
</kw>
<kw name="Input Text" library="SeleniumLibrary">
<arg>${email}</arg>
<arg>test</arg>
<doc>Types the given ``text`` into the text field identified by ``locator``.</doc>
<msg timestamp="20230602 21:14:27.281" level="INFO">Typing text 'test' into text field 'name:email'.</msg>
<status status="PASS" starttime="20230602 21:14:27.276" endtime="20230602 21:14:27.908"/>
</kw>
<kw name="Sleep" library="BuiltIn">
<arg>3</arg>
<doc>Pauses the test executed for the given time.</doc>
<msg timestamp="20230602 21:14:30.908" level="INFO">Slept 3 seconds</msg>
<status status="PASS" starttime="20230602 21:14:27.908" endtime="20230602 21:14:30.908"/>
</kw>
<kw name="Input Text" library="SeleniumLibrary">
<arg>${fname}</arg>
<arg>Haris</arg>
<doc>Types the given ``text`` into the text field identified by ``locator``.</doc>
<msg timestamp="20230602 21:14:30.908" level="INFO">Typing text 'Haris' into text field 'name:firstname'.</msg>
<status status="PASS" starttime="20230602 21:14:30.908" endtime="20230602 21:14:31.176"/>
</kw>
<kw name="Capture Page Screenshot" library="SeleniumLibrary">
<arg>Wrong_details.png</arg>
<doc>Takes a screenshot of the current page and embeds it into a log file.</doc>
<msg timestamp="20230602 21:14:31.661" level="INFO" html="true">&lt;/td&gt;&lt;/tr&gt;&lt;tr&gt;&lt;td colspan="3"&gt;&lt;a href="Wrong_details.png"&gt;&lt;img src="Wrong_details.png" width="800px"&gt;&lt;/a&gt;</msg>
<status status="PASS" starttime="20230602 21:14:31.176" endtime="20230602 21:14:31.661"/>
</kw>
<kw name="Input Text" library="SeleniumLibrary">
<arg>${lname}</arg>
<arg>Gupta</arg>
<doc>Types the given ``text`` into the text field identified by ``locator``.</doc>
<msg timestamp="20230602 21:14:31.666" level="INFO">Typing text 'Gupta' into text field 'name:lastname'.</msg>
<status status="PASS" starttime="20230602 21:14:31.661" endtime="20230602 21:14:31.956"/>
</kw>
<kw name="Input Text" library="SeleniumLibrary">
<arg>${company}</arg>
<arg>XYZ</arg>
<doc>Types the given ``text`` into the text field identified by ``locator``.</doc>
<msg timestamp="20230602 21:14:31.956" level="INFO">Typing text 'XYZ' into text field 'name:company'.</msg>
<status status="PASS" starttime="20230602 21:14:31.956" endtime="20230602 21:14:32.232"/>
</kw>
<kw name="Input Text" library="SeleniumLibrary">
<arg>${job_title}</arg>
<arg>Engineer</arg>
<doc>Types the given ``text`` into the text field identified by ``locator``.</doc>
<msg timestamp="20230602 21:14:32.233" level="INFO">Typing text 'Engineer' into text field 'name:jobtitle'.</msg>
<status status="PASS" starttime="20230602 21:14:32.232" endtime="20230602 21:14:32.547"/>
</kw>
<kw name="Input Text" library="SeleniumLibrary">
<arg>${phone}</arg>
<arg>7847574874</arg>
<doc>Types the given ``text`` into the text field identified by ``locator``.</doc>
<msg timestamp="20230602 21:14:32.549" level="INFO">Typing text '7847574874' into text field 'name:phone'.</msg>
<status status="PASS" starttime="20230602 21:14:32.549" endtime="20230602 21:14:32.892"/>
</kw>
<kw name="Input Text" library="SeleniumLibrary">
<arg>${comments}</arg>
<arg>No Any</arg>
<doc>Types the given ``text`` into the text field identified by ``locator``.</doc>
<msg timestamp="20230602 21:14:32.896" level="INFO">Typing text 'No Any' into text field 'name:comments'.</msg>
<status status="PASS" starttime="20230602 21:14:32.892" endtime="20230602 21:14:33.079"/>
</kw>
<kw name="Select From List By Index" library="SeleniumLibrary">
<arg>${country}</arg>
<arg>77</arg>
<doc>Selects options from selection list ``locator`` by ``indexes``.</doc>
<msg timestamp="20230602 21:14:33.081" level="INFO">Selecting options from selection list 'name:country' by index 77.</msg>
<status status="PASS" starttime="20230602 21:14:33.079" endtime="20230602 21:14:36.132"/>
</kw>
<kw name="Execute Javascript" library="SeleniumLibrary">
<arg>window.scrollBy(0,500)</arg>
<doc>Executes the given JavaScript code with possible arguments.</doc>
<msg timestamp="20230602 21:14:36.136" level="INFO">Executing JavaScript:
window.scrollBy(0,500)
Without any arguments.</msg>
<status status="PASS" starttime="20230602 21:14:36.132" endtime="20230602 21:14:36.156"/>
</kw>
<kw name="Sleep" library="BuiltIn">
<arg>3</arg>
<doc>Pauses the test executed for the given time.</doc>
<msg timestamp="20230602 21:14:39.171" level="INFO">Slept 3 seconds</msg>
<status status="PASS" starttime="20230602 21:14:36.156" endtime="20230602 21:14:39.171"/>
</kw>
<kw name="Click Element" library="SeleniumLibrary">
<arg>xpath://input[@type='submit'][@value='Contact Us']</arg>
<doc>Click the element identified by ``locator``.</doc>
<msg timestamp="20230602 21:14:39.171" level="INFO">Clicking element 'xpath://input[@type='submit'][@value='Contact Us']'.</msg>
<status status="PASS" starttime="20230602 21:14:39.171" endtime="20230602 21:14:39.400"/>
</kw>
<status status="PASS" starttime="20230602 21:14:27.266" endtime="20230602 21:14:39.400"/>
</kw>
<kw name="Correct_Log_Details">
<kw name="Set Selenium Implicit Wait" library="SeleniumLibrary">
<arg>10</arg>
<doc>Sets the implicit wait value used by Selenium.</doc>
<status status="PASS" starttime="20230602 21:14:39.400" endtime="20230602 21:14:39.405"/>
</kw>
<kw name="Input Text" library="SeleniumLibrary">
<arg>${email}</arg>
<arg>test123@gmail.com</arg>
<doc>Types the given ``text`` into the text field identified by ``locator``.</doc>
<msg timestamp="20230602 21:14:39.406" level="INFO">Typing text 'test123@gmail.com' into text field 'name:email'.</msg>
<status status="PASS" starttime="20230602 21:14:39.405" endtime="20230602 21:14:39.941"/>
</kw>
<kw name="Input Text" library="SeleniumLibrary">
<arg>${fname}</arg>
<arg>Haris</arg>
<doc>Types the given ``text`` into the text field identified by ``locator``.</doc>
<msg timestamp="20230602 21:14:39.947" level="INFO">Typing text 'Haris' into text field 'name:firstname'.</msg>
<status status="PASS" starttime="20230602 21:14:39.941" endtime="20230602 21:14:40.352"/>
</kw>
<kw name="Input Text" library="SeleniumLibrary">
<arg>${lname}</arg>
<arg>Gupta</arg>
<doc>Types the given ``text`` into the text field identified by ``locator``.</doc>
<msg timestamp="20230602 21:14:40.353" level="INFO">Typing text 'Gupta' into text field 'name:lastname'.</msg>
<status status="PASS" starttime="20230602 21:14:40.352" endtime="20230602 21:14:40.606"/>
</kw>
<kw name="Input Text" library="SeleniumLibrary">
<arg>${company}</arg>
<arg>XYZ</arg>
<doc>Types the given ``text`` into the text field identified by ``locator``.</doc>
<msg timestamp="20230602 21:14:40.606" level="INFO">Typing text 'XYZ' into text field 'name:company'.</msg>
<status status="PASS" starttime="20230602 21:14:40.606" endtime="20230602 21:14:40.808"/>
</kw>
<kw name="Input Text" library="SeleniumLibrary">
<arg>${job_title}</arg>
<arg>Engineer</arg>
<doc>Types the given ``text`` into the text field identified by ``locator``.</doc>
<msg timestamp="20230602 21:14:40.816" level="INFO">Typing text 'Engineer' into text field 'name:jobtitle'.</msg>
<status status="PASS" starttime="20230602 21:14:40.808" endtime="20230602 21:14:41.035"/>
</kw>
<kw name="Input Text" library="SeleniumLibrary">
<arg>${phone}</arg>
<arg>7847574874</arg>
<doc>Types the given ``text`` into the text field identified by ``locator``.</doc>
<msg timestamp="20230602 21:14:41.036" level="INFO">Typing text '7847574874' into text field 'name:phone'.</msg>
<status status="PASS" starttime="20230602 21:14:41.035" endtime="20230602 21:14:41.366"/>
</kw>
<kw name="Input Text" library="SeleniumLibrary">
<arg>${comments}</arg>
<arg>No Any</arg>
<doc>Types the given ``text`` into the text field identified by ``locator``.</doc>
<msg timestamp="20230602 21:14:41.366" level="INFO">Typing text 'No Any' into text field 'name:comments'.</msg>
<status status="PASS" starttime="20230602 21:14:41.366" endtime="20230602 21:14:41.600"/>
</kw>
<kw name="Select From List By Index" library="SeleniumLibrary">
<arg>${country}</arg>
<arg>77</arg>
<doc>Selects options from selection list ``locator`` by ``indexes``.</doc>
<msg timestamp="20230602 21:14:41.600" level="INFO">Selecting options from selection list 'name:country' by index 77.</msg>
<status status="PASS" starttime="20230602 21:14:41.600" endtime="20230602 21:14:44.314"/>
</kw>
<kw name="Sleep" library="BuiltIn">
<arg>3</arg>
<doc>Pauses the test executed for the given time.</doc>
<msg timestamp="20230602 21:14:47.320" level="INFO">Slept 3 seconds</msg>
<status status="PASS" starttime="20230602 21:14:44.314" endtime="20230602 21:14:47.320"/>
</kw>
<kw name="Execute Javascript" library="SeleniumLibrary">
<arg>window.scrollBy(0,500)</arg>
<doc>Executes the given JavaScript code with possible arguments.</doc>
<msg timestamp="20230602 21:14:47.326" level="INFO">Executing JavaScript:
window.scrollBy(0,500)
Without any arguments.</msg>
<status status="PASS" starttime="20230602 21:14:47.323" endtime="20230602 21:14:47.353"/>
</kw>
<kw name="Click Element" library="SeleniumLibrary">
<arg>xpath://input[@type='submit'][@value='Contact Us']</arg>
<doc>Click the element identified by ``locator``.</doc>
<msg timestamp="20230602 21:14:47.356" level="INFO">Clicking element 'xpath://input[@type='submit'][@value='Contact Us']'.</msg>
<status status="PASS" starttime="20230602 21:14:47.355" endtime="20230602 21:14:47.742"/>
</kw>
<kw name="Capture Page Screenshot" library="SeleniumLibrary">
<arg>Correct_details.png</arg>
<doc>Takes a screenshot of the current page and embeds it into a log file.</doc>
<msg timestamp="20230602 21:14:48.306" level="INFO" html="true">&lt;/td&gt;&lt;/tr&gt;&lt;tr&gt;&lt;td colspan="3"&gt;&lt;a href="Correct_details.png"&gt;&lt;img src="Correct_details.png" width="800px"&gt;&lt;/a&gt;</msg>
<status status="PASS" starttime="20230602 21:14:47.743" endtime="20230602 21:14:48.306"/>
</kw>
<status status="PASS" starttime="20230602 21:14:39.400" endtime="20230602 21:14:48.307"/>
</kw>
<kw name="Close Browser" library="SeleniumLibrary">
<doc>Closes the current browser.</doc>
<status status="PASS" starttime="20230602 21:14:48.308" endtime="20230602 21:14:50.642"/>
</kw>
<status status="PASS" starttime="20230602 21:14:12.296" endtime="20230602 21:14:50.647"/>
</test>
<status status="PASS" starttime="20230602 21:14:12.276" endtime="20230602 21:14:50.647"/>
</suite>
<suite id="s1-s1-s3" name="Project 3" source="C:\Users\soyeb\PycharmProjects\Projects_Assignment final\Projects_Assignment_final\Projects\project_3.robot">
<test id="s1-s1-s3-t1" name="Demo_Web_Shop" line="7">
<kw name="Set Selenium Implicit Wait" library="SeleniumLibrary">
<arg>10</arg>
<doc>Sets the implicit wait value used by Selenium.</doc>
<status status="PASS" starttime="20230602 21:14:50.676" endtime="20230602 21:14:50.676"/>
</kw>
<kw name="Open Browser" library="SeleniumLibrary">
<arg>${url}</arg>
<arg>${browser}</arg>
<doc>Opens a new browser instance to the optional ``url``.</doc>
<msg timestamp="20230602 21:14:50.676" level="INFO">Opening browser 'chrome' to base url 'https://demowebshop.tricentis.com'.</msg>
<status status="PASS" starttime="20230602 21:14:50.676" endtime="20230602 21:14:56.382"/>
</kw>
<kw name="Maximize Browser Window" library="SeleniumLibrary">
<doc>Maximizes current browser window.</doc>
<status status="PASS" starttime="20230602 21:14:56.384" endtime="20230602 21:14:56.568"/>
</kw>
<kw name="Click Link" library="SeleniumLibrary">
<arg>Register</arg>
<doc>Clicks a link identified by ``locator``.</doc>
<msg timestamp="20230602 21:14:56.571" level="INFO">Clicking link 'Register'.</msg>
<status status="PASS" starttime="20230602 21:14:56.568" endtime="20230602 21:14:57.446"/>
</kw>
<kw name="Click Element" library="SeleniumLibrary">
<arg>xpath://div[@class='center-2']//form</arg>
<doc>Click the element identified by ``locator``.</doc>
<msg timestamp="20230602 21:14:57.446" level="INFO">Clicking element 'xpath://div[@class='center-2']//form'.</msg>
<status status="PASS" starttime="20230602 21:14:57.446" endtime="20230602 21:14:57.568"/>
</kw>
<kw name="Input Text" library="SeleniumLibrary">
<arg>id:FirstName</arg>
<arg>Biswas</arg>
<doc>Types the given ``text`` into the text field identified by ``locator``.</doc>
<msg timestamp="20230602 21:14:57.568" level="INFO">Typing text 'Biswas' into text field 'id:FirstName'.</msg>
<status status="PASS" starttime="20230602 21:14:57.568" endtime="20230602 21:14:58.096"/>
</kw>
<kw name="Input Text" library="SeleniumLibrary">
<arg>id:LastName</arg>
<arg>Nayak</arg>
<doc>Types the given ``text`` into the text field identified by ``locator``.</doc>
<msg timestamp="20230602 21:14:58.096" level="INFO">Typing text 'Nayak' into text field 'id:LastName'.</msg>
<status status="PASS" starttime="20230602 21:14:58.096" endtime="20230602 21:14:58.426"/>
</kw>
<kw name="Input Text" library="SeleniumLibrary">
<arg>id:Email</arg>
<arg>biswas14@gmail.com</arg>
<doc>Types the given ``text`` into the text field identified by ``locator``.</doc>
<msg timestamp="20230602 21:14:58.429" level="INFO">Typing text 'biswas14@gmail.com' into text field 'id:Email'.</msg>
<status status="PASS" starttime="20230602 21:14:58.427" endtime="20230602 21:14:58.869"/>
</kw>
<kw name="Input Text" library="SeleniumLibrary">
<arg>id:Password</arg>
<arg>biswas25</arg>
<doc>Types the given ``text`` into the text field identified by ``locator``.</doc>
<msg timestamp="20230602 21:14:58.869" level="INFO">Typing text 'biswas25' into text field 'id:Password'.</msg>
<status status="PASS" starttime="20230602 21:14:58.869" endtime="20230602 21:14:59.326"/>
</kw>
<kw name="Input Text" library="SeleniumLibrary">
<arg>id:ConfirmPassword</arg>
<arg>biswas25</arg>
<doc>Types the given ``text`` into the text field identified by ``locator``.</doc>
<msg timestamp="20230602 21:14:59.333" level="INFO">Typing text 'biswas25' into text field 'id:ConfirmPassword'.</msg>
<status status="PASS" starttime="20230602 21:14:59.329" endtime="20230602 21:14:59.646"/>
</kw>
<kw name="Click Element" library="SeleniumLibrary">
<arg>id:register-button</arg>
<doc>Click the element identified by ``locator``.</doc>
<msg timestamp="20230602 21:14:59.646" level="INFO">Clicking element 'id:register-button'.</msg>
<status status="PASS" starttime="20230602 21:14:59.646" endtime="20230602 21:15:00.836"/>
</kw>
<kw name="Click Element" library="SeleniumLibrary">
<arg>xpath://a[@class='ico-logout']</arg>
<doc>Click the element identified by ``locator``.</doc>
<msg timestamp="20230602 21:15:00.838" level="INFO">Clicking element 'xpath://a[@class='ico-logout']'.</msg>
<msg timestamp="20230602 21:15:11.094" level="INFO" html="true">&lt;/td&gt;&lt;/tr&gt;&lt;tr&gt;&lt;td colspan="3"&gt;&lt;a href="selenium-screenshot-2.png"&gt;&lt;img src="selenium-screenshot-2.png" width="800px"&gt;&lt;/a&gt;</msg>
<msg timestamp="20230602 21:15:11.094" level="FAIL">Element with locator 'xpath://a[@class='ico-logout']' not found.</msg>
<status status="FAIL" starttime="20230602 21:15:00.837" endtime="20230602 21:15:11.126"/>
</kw>
<kw name="Login_Test">
<status status="NOT RUN" starttime="20230602 21:15:11.131" endtime="20230602 21:15:11.131"/>
</kw>
<kw name="Add_Item_To_Cart">
<status status="NOT RUN" starttime="20230602 21:15:11.131" endtime="20230602 21:15:11.131"/>
</kw>
<kw name="Step_1">
<doc>Billing address</doc>
<status status="NOT RUN" starttime="20230602 21:15:11.131" endtime="20230602 21:15:11.131"/>
</kw>
<kw name="Step_2">
<doc>Shipping Address</doc>
<status status="NOT RUN" starttime="20230602 21:15:11.131" endtime="20230602 21:15:11.131"/>
</kw>
<kw name="Step_3">
<doc>Shipping Method</doc>
<status status="NOT RUN" starttime="20230602 21:15:11.131" endtime="20230602 21:15:11.131"/>
</kw>
<kw name="Step_4">
<doc>Payment method</doc>
<status status="NOT RUN" starttime="20230602 21:15:11.131" endtime="20230602 21:15:11.131"/>
</kw>
<kw name="Step_5">
<doc>Payment information</doc>
<status status="NOT RUN" starttime="20230602 21:15:11.131" endtime="20230602 21:15:11.131"/>
</kw>
<kw name="Step_6">
<doc>Confirm order</doc>
<status status="NOT RUN" starttime="20230602 21:15:11.131" endtime="20230602 21:15:11.131"/>
</kw>
<kw name="Welcome_Page">
<status status="NOT RUN" starttime="20230602 21:15:11.131" endtime="20230602 21:15:11.131"/>
</kw>
<kw name="Capture Page Screenshot" library="SeleniumLibrary">
<arg>Thank_You.png</arg>
<doc>Takes a screenshot of the current page and embeds it into a log file.</doc>
<status status="NOT RUN" starttime="20230602 21:15:11.136" endtime="20230602 21:15:11.136"/>
</kw>
<kw name="Close Browser" library="SeleniumLibrary">
<doc>Closes the current browser.</doc>
<status status="NOT RUN" starttime="20230602 21:15:11.136" endtime="20230602 21:15:11.136"/>
</kw>
<status status="FAIL" starttime="20230602 21:14:50.675" endtime="20230602 21:15:11.136">Element with locator 'xpath://a[@class='ico-logout']' not found.</status>
</test>
<status status="FAIL" starttime="20230602 21:14:50.659" endtime="20230602 21:15:11.136"/>
</suite>
<suite id="s1-s1-s4" name="Project 4" source="C:\Users\soyeb\PycharmProjects\Projects_Assignment final\Projects_Assignment_final\Projects\project_4.robot">
<test id="s1-s1-s4-t1" name="Booking_flight_tab" line="7">
<kw name="Open Browser" library="SeleniumLibrary">
<arg>${url}</arg>
<arg>${browser}</arg>
<doc>Opens a new browser instance to the optional ``url``.</doc>
<msg timestamp="20230602 21:15:11.151" level="INFO">Opening browser 'chrome' to base url 'https://www.booking.com/'.</msg>
<status status="PASS" starttime="20230602 21:15:11.146" endtime="20230602 21:15:21.599"/>
</kw>
<kw name="Maximize Browser Window" library="SeleniumLibrary">
<doc>Maximizes current browser window.</doc>
<status status="PASS" starttime="20230602 21:15:21.599" endtime="20230602 21:15:21.959"/>
</kw>
<kw name="Set Browser Implicit Wait" library="SeleniumLibrary">
<arg>10</arg>
<doc>Sets the implicit wait value used by Selenium.</doc>
<status status="PASS" starttime="20230602 21:15:21.959" endtime="20230602 21:15:21.971"/>
</kw>
<kw name="Click Element" library="SeleniumLibrary">
<arg>xpath://*[name()='path' and contains(@d,'M13.31 12l')]</arg>
<doc>Click the element identified by ``locator``.</doc>
<msg timestamp="20230602 21:15:21.971" level="INFO">Clicking element 'xpath://*[name()='path' and contains(@d,'M13.31 12l')]'.</msg>
<status status="PASS" starttime="20230602 21:15:21.971" endtime="20230602 21:15:22.352"/>
</kw>
<kw name="Click Element" library="SeleniumLibrary">
<arg>link:Flights</arg>
<doc>Click the element identified by ``locator``.</doc>
<msg timestamp="20230602 21:15:22.358" level="INFO">Clicking element 'link:Flights'.</msg>
<status status="PASS" starttime="20230602 21:15:22.356" endtime="20230602 21:15:32.479"/>
</kw>
<kw name="Click Element" library="SeleniumLibrary">
<arg>xpath://label[@for='search_type_option_ONEWAY']//span[@class='InputRadio-module__field___4Jbyo']</arg>
<doc>Click the element identified by ``locator``.</doc>
<msg timestamp="20230602 21:15:32.482" level="INFO">Clicking element 'xpath://label[@for='search_type_option_ONEWAY']//span[@class='InputRadio-module__field___4Jbyo']'.</msg>
<status status="PASS" starttime="20230602 21:15:32.482" endtime="20230602 21:15:32.846"/>
</kw>
<kw name="Click Element" library="SeleniumLibrary">
<arg>xpath://span[normalize-space()='1 adult']</arg>
<doc>Click the element identified by ``locator``.</doc>
<msg timestamp="20230602 21:15:32.846" level="INFO">Clicking element 'xpath://span[normalize-space()='1 adult']'.</msg>
<status status="PASS" starttime="20230602 21:15:32.846" endtime="20230602 21:15:33.112"/>
</kw>
<kw name="Click Element" library="SeleniumLibrary">
<arg>xpath://div[@class='css-13o7eu2']//button[2]//span[1]//span[1]//*[name()='svg']</arg>
<doc>Click the element identified by ``locator``.</doc>
<msg timestamp="20230602 21:15:33.117" level="INFO">Clicking element 'xpath://div[@class='css-13o7eu2']//button[2]//span[1]//span[1]//*[name()='svg']'.</msg>
<status status="PASS" starttime="20230602 21:15:33.112" endtime="20230602 21:15:33.536"/>
</kw>
<kw name="Click Element" library="SeleniumLibrary">
<arg>xpath://div[@id='__bui-8']//div[2]//div[1]//div[2]//button[2]//span[1]//span[1]//*[name()='svg']//*[name()='path' and contains(@d,'M20.25 11.')]</arg>
<doc>Click the element identified by ``locator``.</doc>
<msg timestamp="20230602 21:15:33.540" level="INFO">Clicking element 'xpath://div[@id='__bui-8']//div[2]//div[1]//div[2]//button[2]//span[1]//span[1]//*[name()='svg']//*[name()='path' and contains(@d,'M20.25 11.')]'.</msg>
<status status="PASS" starttime="20230602 21:15:33.537" endtime="20230602 21:15:33.666"/>
</kw>
<kw name="Sleep" library="BuiltIn">
<arg>3</arg>
<doc>Pauses the test executed for the given time.</doc>
<msg timestamp="20230602 21:15:36.685" level="INFO">Slept 3 seconds</msg>
<status status="PASS" starttime="20230602 21:15:33.669" endtime="20230602 21:15:36.686"/>
</kw>
<kw name="Select From List By Value" library="SeleniumLibrary">
<arg>name:sr_occupancy_children_age_0</arg>
<arg>8</arg>
<doc>Selects options from selection list ``locator`` by ``values``.</doc>
<msg timestamp="20230602 21:15:36.686" level="INFO">Selecting options from selection list 'name:sr_occupancy_children_age_0' by value 8.</msg>
<status status="PASS" starttime="20230602 21:15:36.686" endtime="20230602 21:15:37.006"/>
</kw>
<kw name="Click Element" library="SeleniumLibrary">
<arg>xpath://span[normalize-space()='Done']</arg>
<doc>Click the element identified by ``locator``.</doc>
<msg timestamp="20230602 21:15:37.008" level="INFO">Clicking element 'xpath://span[normalize-space()='Done']'.</msg>
<status status="PASS" starttime="20230602 21:15:37.008" endtime="20230602 21:15:37.336"/>
</kw>
<kw name="Click Element" library="SeleniumLibrary">
<arg>xpath://div[@class='css-lgj0h8']//button[1]</arg>
<doc>Click the element identified by ``locator``.</doc>
<msg timestamp="20230602 21:15:37.343" level="INFO">Clicking element 'xpath://div[@class='css-lgj0h8']//button[1]'.</msg>
<status status="PASS" starttime="20230602 21:15:37.340" endtime="20230602 21:15:37.606"/>
</kw>
<kw name="Click Element" library="SeleniumLibrary">
<arg>xpath://span[@class='Icon-module__root___DweoM css-lyj9ft Icon-module__root--size-small___nolwT']//*[name()='svg']</arg>
<doc>Click the element identified by ``locator``.</doc>
<msg timestamp="20230602 21:15:37.606" level="INFO">Clicking element 'xpath://span[@class='Icon-module__root___DweoM css-lyj9ft Icon-module__root--size-small___nolwT']//*[name()='svg']'.</msg>
<status status="PASS" starttime="20230602 21:15:37.606" endtime="20230602 21:15:37.773"/>
</kw>
<kw name="Input Text" library="SeleniumLibrary">
<arg>xpath://input[@placeholder='Airport or city']</arg>
<arg>BLR</arg>
<doc>Types the given ``text`` into the text field identified by ``locator``.</doc>
<msg timestamp="20230602 21:15:37.776" level="INFO">Typing text 'BLR' into text field 'xpath://input[@placeholder='Airport or city']'.</msg>
<status status="PASS" starttime="20230602 21:15:37.773" endtime="20230602 21:15:37.944"/>
</kw>
<kw name="Click Element" library="SeleniumLibrary">
<arg>xpath://li[1]//span[1]//span[1]</arg>
<doc>Click the element identified by ``locator``.</doc>
<msg timestamp="20230602 21:15:37.946" level="INFO">Clicking element 'xpath://li[1]//span[1]//span[1]'.</msg>
<status status="PASS" starttime="20230602 21:15:37.946" endtime="20230602 21:15:38.981"/>
</kw>
<kw name="Click Element" library="SeleniumLibrary">
<arg>xpath://span[@class='Icon-module__root___DweoM css-a2ri1o Icon-module__root--size-medium___NsiEM Icon-module__root--color-action___boiZs']//*[name()='svg']</arg>
<doc>Click the element identified by ``locator``.</doc>
<msg timestamp="20230602 21:15:38.989" level="INFO">Clicking element 'xpath://span[@class='Icon-module__root___DweoM css-a2ri1o Icon-module__root--size-medium___NsiEM Icon-module__root--color-action___boiZs']//*[name()='svg']'.</msg>
<status status="PASS" starttime="20230602 21:15:38.981" endtime="20230602 21:15:39.144"/>
</kw>
<kw name="Click Element" library="SeleniumLibrary">
<arg>xpath:(//button[@type='button'])[4]</arg>
<doc>Click the element identified by ``locator``.</doc>
<msg timestamp="20230602 21:15:39.146" level="INFO">Clicking element 'xpath:(//button[@type='button'])[4]'.</msg>
<status status="PASS" starttime="20230602 21:15:39.144" endtime="20230602 21:15:39.286"/>
</kw>
<kw name="Input Text" library="SeleniumLibrary">
<arg>xpath://input[@placeholder='Airport or city']</arg>
<arg>MAA</arg>
<doc>Types the given ``text`` into the text field identified by ``locator``.</doc>
<msg timestamp="20230602 21:15:39.289" level="INFO">Typing text 'MAA' into text field 'xpath://input[@placeholder='Airport or city']'.</msg>
<status status="PASS" starttime="20230602 21:15:39.286" endtime="20230602 21:15:39.497"/>
</kw>
<kw name="Click Element" library="SeleniumLibrary">
<arg>xpath://li[1]//span[1]//span[1]</arg>
<doc>Click the element identified by ``locator``.</doc>
<msg timestamp="20230602 21:15:39.497" level="INFO">Clicking element 'xpath://li[1]//span[1]//span[1]'.</msg>
<status status="PASS" starttime="20230602 21:15:39.497" endtime="20230602 21:15:40.522"/>
</kw>
<kw name="Click Element" library="SeleniumLibrary">
<arg>xpath://button[@placeholder='Choose departure date'][@aria-haspopup='true']</arg>
<doc>Click the element identified by ``locator``.</doc>
<msg timestamp="20230602 21:15:40.529" level="INFO">Clicking element 'xpath://button[@placeholder='Choose departure date'][@aria-haspopup='true']'.</msg>
<status status="PASS" starttime="20230602 21:15:40.526" endtime="20230602 21:15:40.738"/>
</kw>
<kw name="Click Element" library="SeleniumLibrary">
<arg>xpath://span[@aria-label='9 July 2023']</arg>
<doc>Click the element identified by ``locator``.</doc>
<msg timestamp="20230602 21:15:40.740" level="INFO">Clicking element 'xpath://span[@aria-label='9 July 2023']'.</msg>
<status status="PASS" starttime="20230602 21:15:40.739" endtime="20230602 21:15:41.054"/>
</kw>
<kw name="Sleep" library="BuiltIn">
<arg>3</arg>
<doc>Pauses the test executed for the given time.</doc>
<msg timestamp="20230602 21:15:44.065" level="INFO">Slept 3 seconds</msg>
<status status="PASS" starttime="20230602 21:15:41.056" endtime="20230602 21:15:44.065"/>
</kw>
<kw name="Click Element" library="SeleniumLibrary">
<arg>xpath://body[1]/div[1]/div[1]/div[1]/div[2]/div[1]/div[1]/div[1]/div[1]/div[1]/div[1]/div[2]/div[2]/div[1]/div[1]/button[1]</arg>
<doc>Click the element identified by ``locator``.</doc>
<msg timestamp="20230602 21:15:44.066" level="INFO">Clicking element 'xpath://body[1]/div[1]/div[1]/div[1]/div[2]/div[1]/div[1]/div[1]/div[1]/div[1]/div[1]/div[2]/div[2]/div[1]/div[1]/button[1]'.</msg>
<status status="PASS" starttime="20230602 21:15:44.066" endtime="20230602 21:15:45.671"/>
</kw>
<kw name="Sleep" library="BuiltIn">
<arg>2</arg>
<doc>Pauses the test executed for the given time.</doc>
<msg timestamp="20230602 21:15:47.673" level="INFO">Slept 2 seconds</msg>
<status status="PASS" starttime="20230602 21:15:45.671" endtime="20230602 21:15:47.673"/>
</kw>
<kw name="Execute Javascript" library="SeleniumLibrary">
<arg>window.scrollBy(0,1000)</arg>
<doc>Executes the given JavaScript code with possible arguments.</doc>
<msg timestamp="20230602 21:15:47.677" level="INFO">Executing JavaScript:
window.scrollBy(0,1000)
Without any arguments.</msg>
<status status="PASS" starttime="20230602 21:15:47.675" endtime="20230602 21:15:47.702"/>
</kw>
<kw name="Click Element" library="SeleniumLibrary">
<arg>xpath://label[@for='__bui-43']//span[@class='InputCheckbox-module__field___R4nYQ']</arg>
<doc>Click the element identified by ``locator``.</doc>
<msg timestamp="20230602 21:15:47.706" level="INFO">Clicking element 'xpath://label[@for='__bui-43']//span[@class='InputCheckbox-module__field___R4nYQ']'.</msg>
<status status="PASS" starttime="20230602 21:15:47.702" endtime="20230602 21:15:48.251"/>
</kw>
<kw name="Page Should Contain" library="SeleniumLibrary">
<arg>Air India</arg>
<doc>Verifies that current page contains ``text``.</doc>
<msg timestamp="20230602 21:15:48.553" level="INFO">Current page contains text 'Air India'.</msg>
<status status="PASS" starttime="20230602 21:15:48.287" endtime="20230602 21:15:48.553"/>
</kw>
<kw name="Close Browser" library="SeleniumLibrary">
<doc>Closes the current browser.</doc>
<status status="PASS" starttime="20230602 21:15:48.555" endtime="20230602 21:15:50.866"/>
</kw>
<status status="PASS" starttime="20230602 21:15:11.146" endtime="20230602 21:15:50.866"/>
</test>
<status status="PASS" starttime="20230602 21:15:11.141" endtime="20230602 21:15:50.866"/>
</suite>
<suite id="s1-s1-s5" name="Project 5" source="C:\Users\soyeb\PycharmProjects\Projects_Assignment final\Projects_Assignment_final\Projects\project_5.robot">
<test id="s1-s1-s5-t1" name="Get Requests" line="7">
<kw name="GET" library="RequestsLibrary">
<var>${response}</var>
<arg>https://reqres.in/api/users/2</arg>
<doc>Sends a GET request.</doc>
<msg timestamp="20230602 21:15:56.103" level="INFO">GET Request : url=https://reqres.in/api/users/2 
 path_url=/api/users/2 
 headers={'User-Agent': 'python-requests/2.29.0', 'Accept-Encoding': 'gzip, deflate', 'Accept': '*/*', 'Connection': 'keep-alive'} 
 body=None 
 </msg>
<msg timestamp="20230602 21:15:56.103" level="INFO">GET Response : url=https://reqres.in/api/users/2 
 status=200, reason=OK 
 headers={'Date': 'Fri, 02 Jun 2023 15:45:57 GMT', 'Content-Type': 'application/json; charset=utf-8', 'Transfer-Encoding': 'chunked', 'Connection': 'keep-alive', 'X-Powered-By': 'Express', 'Access-Control-Allow-Origin': '*', 'Etag': 'W/"118-pbdwwFo9SKNhD3Lx5iHJyngpq00"', 'Via': '1.1 vegur', 'Cache-Control': 'max-age=14400', 'CF-Cache-Status': 'HIT', 'Age': '1564', 'Report-To': '{"endpoints":[{"url":"https:\\/\\/a.nel.cloudflare.com\\/report\\/v3?s=N23nTLlD2lkBQF9e4KM0cPjqndzZ2zu04mmkn05vpcU7GhVRzc%2FkxpcI296%2F%2BnVsf85Gx3a6jv7%2BNK9TVDcUSc%2BCCwVq0y54aSDfxbVgXzi3R7R3MvG8t7dhecwSlne6dmXhdcRiUA%3D%3D"}],"group":"cf-nel","max_age":604800}', 'NEL': '{"success_fraction":0,"report_to":"cf-nel","max_age":604800}', 'Vary': 'Accept-Encoding', 'Server': 'cloudflare', 'CF-RAY': '7d10d38dcac64dad-BOM', 'Content-Encoding': 'gzip'} 
 body={"data":{"id":2,"email":"janet.weaver@reqres.in","first_name":"Janet","last_name":"Weaver","avatar":"https://reqres.in/img/faces/2-image.jpg"},"support":{"url":"https://reqres.in/#support-heading","text":"To keep ReqRes free, contributions towards server costs are appreciated!"}} 
 </msg>
<msg timestamp="20230602 21:15:56.103" level="INFO">${response} = &lt;Response [200]&gt;</msg>
<status status="PASS" starttime="20230602 21:15:55.406" endtime="20230602 21:15:56.103"/>
</kw>
<kw name="Log To Console" library="BuiltIn">
<arg>${response.status_code}</arg>
<doc>Logs the given message to the console.</doc>
<status status="PASS" starttime="20230602 21:15:56.106" endtime="20230602 21:15:56.106"/>
</kw>
<kw name="Should Be Equal As Strings" library="BuiltIn">
<arg>${response.reason}</arg>
<arg>OK</arg>
<doc>Fails if objects are unequal after converting them to strings.</doc>
<status status="PASS" starttime="20230602 21:15:56.106" endtime="20230602 21:15:56.106"/>
</kw>
<kw name="Status Should Be" library="RequestsLibrary">
<arg>200</arg>
<arg>${response}</arg>
<doc>Fails if response status code is different than the expected.</doc>
<status status="PASS" starttime="20230602 21:15:56.117" endtime="20230602 21:15:56.117"/>
</kw>
<tag>Testing</tag>
<status status="PASS" starttime="20230602 21:15:55.406" endtime="20230602 21:15:56.119"/>
</test>
<test id="s1-s1-s5-t2" name="Post Requests" line="13">
<kw name="Create Dictionary" library="BuiltIn">
<var>${req_body}</var>
<arg>name=Jiban</arg>
<arg>job=Engineer</arg>
<doc>Creates and returns a dictionary based on the given ``items``.</doc>
<msg timestamp="20230602 21:15:56.126" level="INFO">${req_body} = {'name': 'Jiban', 'job': 'Engineer'}</msg>
<status status="PASS" starttime="20230602 21:15:56.126" endtime="20230602 21:15:56.126"/>
</kw>
<kw name="POST" library="RequestsLibrary">
<arg>${url}/api/users</arg>
<arg>json=${req_body}</arg>
<arg>expected_status=201</arg>
<doc>Sends a POST request.</doc>
<msg timestamp="20230602 21:15:56.751" level="INFO">POST Request : url=https://reqres.in/api/users 
 path_url=/api/users 
 headers={'User-Agent': 'python-requests/2.29.0', 'Accept-Encoding': 'gzip, deflate', 'Accept': '*/*', 'Connection': 'keep-alive', 'Content-Length': '36', 'Content-Type': 'application/json'} 
 body=b'{"name": "Jiban", "job": "Engineer"}' 
 </msg>
<msg timestamp="20230602 21:15:56.751" level="INFO">POST Response : url=https://reqres.in/api/users 
 status=201, reason=Created 
 headers={'Date': 'Fri, 02 Jun 2023 15:45:58 GMT', 'Content-Type': 'application/json; charset=utf-8', 'Content-Length': '82', 'Connection': 'keep-alive', 'X-Powered-By': 'Express', 'Access-Control-Allow-Origin': '*', 'Etag': 'W/"52-J8sZeNI42UN+AKq3cQx895ySgLc"', 'Via': '1.1 vegur', 'CF-Cache-Status': 'DYNAMIC', 'Report-To': '{"endpoints":[{"url":"https:\\/\\/a.nel.cloudflare.com\\/report\\/v3?s=R1PHN0iyFkXb3ocRkz5ruaD371Yi8lJv3dx3SS7h29qfFI%2BPpA7l6%2FBsLPI%2F%2FewR52E1iZJIsZ0DG2GZSbSCwr%2Fc%2FZ44gkSQjLeQnyXPmTa%2Bco9R%2FeU%2FjP3uWKZD4IrCTnPQ1%2FZj7w%3D%3D"}],"group":"cf-nel","max_age":604800}', 'NEL': '{"success_fraction":0,"report_to":"cf-nel","max_age":604800}', 'Server': 'cloudflare', 'CF-RAY': '7d10d38fe8233206-BOM'} 
 body={"name":"Jiban","job":"Engineer","id":"90","createdAt":"2023-06-02T15:45:57.948Z"} 
 </msg>
<status status="PASS" starttime="20230602 21:15:56.126" endtime="20230602 21:15:56.753"/>
</kw>
<kw name="Log To Console" library="BuiltIn">
<arg>${req_body}</arg>
<doc>Logs the given message to the console.</doc>
<status status="PASS" starttime="20230602 21:15:56.755" endtime="20230602 21:15:56.757"/>
</kw>
<tag>Testing</tag>
<status status="PASS" starttime="20230602 21:15:56.119" endtime="20230602 21:15:56.759"/>
</test>
<test id="s1-s1-s5-t3" name="Put Requests" line="18">
<kw name="Create Session" library="RequestsLibrary">
<arg>Session1</arg>
<arg>${url}</arg>
<arg>disable_warnings=1</arg>
<doc>Create Session: create a HTTP session to a server</doc>
<msg timestamp="20230602 21:15:56.768" level="INFO">Creating Session using : alias=Session1, url=https://reqres.in, headers={},                     cookies={}, auth=None, timeout=None, proxies=None, verify=False,                     debug=0 </msg>
<status status="PASS" starttime="20230602 21:15:56.766" endtime="20230602 21:15:56.768"/>
</kw>
<kw name="Set Variable" library="BuiltIn">
<var>${endpoint}</var>
<arg>api/users/2</arg>
<doc>Returns the given values which can then be assigned to a variables.</doc>
<msg timestamp="20230602 21:15:56.773" level="INFO">${endpoint} = api/users/2</msg>
<status status="PASS" starttime="20230602 21:15:56.772" endtime="20230602 21:15:56.773"/>
</kw>
<kw name="Create Dictionary" library="BuiltIn">
<var>${body}</var>
<arg>name=Virat</arg>
<arg>job=Wrestler</arg>
<doc>Creates and returns a dictionary based on the given ``items``.</doc>
<msg timestamp="20230602 21:15:56.776" level="INFO">${body} = {'name': 'Virat', 'job': 'Wrestler'}</msg>
<status status="PASS" starttime="20230602 21:15:56.774" endtime="20230602 21:15:56.776"/>
</kw>
<kw name="PUT On Session" library="RequestsLibrary">
<var>${response}</var>
<arg>Session1</arg>
<arg>${endpoint}</arg>
<arg>data=${body}</arg>
<doc>Sends a PUT request on a previously created HTTP Session.</doc>
<msg timestamp="20230602 21:15:57.347" level="INFO">PUT Request : url=https://reqres.in/api/users/2 
 path_url=/api/users/2 
 headers={'User-Agent': 'python-requests/2.29.0', 'Accept-Encoding': 'gzip, deflate', 'Accept': '*/*', 'Connection': 'keep-alive', 'Content-Length': '23', 'Content-Type': 'application/x-www-form-urlencoded'} 
 body=name=Virat&amp;job=Wrestler 
 </msg>
<msg timestamp="20230602 21:15:57.347" level="INFO">PUT Response : url=https://reqres.in/api/users/2 
 status=200, reason=OK 
 headers={'Date': 'Fri, 02 Jun 2023 15:45:58 GMT', 'Content-Type': 'application/json; charset=utf-8', 'Transfer-Encoding': 'chunked', 'Connection': 'keep-alive', 'X-Powered-By': 'Express', 'Access-Control-Allow-Origin': '*', 'Etag': 'W/"48-tKPSSjZ8gZg27np/tKWNBvfFogg"', 'Via': '1.1 vegur', 'CF-Cache-Status': 'DYNAMIC', 'Report-To': '{"endpoints":[{"url":"https:\\/\\/a.nel.cloudflare.com\\/report\\/v3?s=uHxsY%2BcOqEWjVlPYvm85P0lhLzA43%2FgNAAxvXUY6mnLwMI0%2B1GBBQAbmYQHLqpioWh7WNr4tURSgj9F%2Fq3yacH3vurIeCZH%2FPH4mr1sLOnQfccqVIx0AuHOC677riItlnetTPAlNtA%3D%3D"}],"group":"cf-nel","max_age":604800}', 'NEL': '{"success_fraction":0,"report_to":"cf-nel","max_age":604800}', 'Vary': 'Accept-Encoding', 'Server': 'cloudflare', 'CF-RAY': '7d10d393ec2b6ec2-BOM', 'Content-Encoding': 'gzip'} 
 body={"name":"Virat","job":"Wrestler","updatedAt":"2023-06-02T15:45:58.586Z"} 
 </msg>
<msg timestamp="20230602 21:15:57.347" level="INFO">${response} = &lt;Response [200]&gt;</msg>
<status status="PASS" starttime="20230602 21:15:56.776" endtime="20230602 21:15:57.347"/>
</kw>
<kw name="Log To Console" library="BuiltIn">
<arg>${response.status_code}</arg>
<doc>Logs the given message to the console.</doc>
<status status="PASS" starttime="20230602 21:15:57.351" endtime="20230602 21:15:57.352"/>
</kw>
<kw name="Log To Console" library="BuiltIn">
<arg>${response.content}</arg>
<doc>Logs the given message to the console.</doc>
<status status="PASS" starttime="20230602 21:15:57.356" endtime="20230602 21:15:57.356"/>
</kw>
<kw name="Convert To String" library="BuiltIn">
<var>${status_code}</var>
<arg>${response.status_code}</arg>
<doc>Converts the given item to a Unicode string.</doc>
<msg timestamp="20230602 21:15:57.356" level="INFO">${status_code} = 200</msg>
<status status="PASS" starttime="20230602 21:15:57.356" endtime="20230602 21:15:57.356"/>
</kw>
<kw name="Should Be Equal" library="BuiltIn">
<arg>${status_code}</arg>
<arg>200</arg>
<doc>Fails if the given objects are unequal.</doc>
<status status="PASS" starttime="20230602 21:15:57.367" endtime="20230602 21:15:57.367"/>
</kw>
<tag>Testing</tag>
<status status="PASS" starttime="20230602 21:15:56.759" endtime="20230602 21:15:57.371"/>
</test>
<test id="s1-s1-s5-t4" name="Delete Requests" line="30">
<kw name="Create Session" library="RequestsLibrary">
<arg>Session1</arg>
<arg>${url}</arg>
<arg>disable_warnings=1</arg>
<doc>Create Session: create a HTTP session to a server</doc>
<msg timestamp="20230602 21:15:57.376" level="INFO">Creating Session using : alias=Session1, url=https://reqres.in, headers={},                     cookies={}, auth=None, timeout=None, proxies=None, verify=False,                     debug=0 </msg>
<status status="PASS" starttime="20230602 21:15:57.376" endtime="20230602 21:15:57.376"/>
</kw>
<kw name="Set Variable" library="BuiltIn">
<var>${endpoint}</var>
<arg>api/users/2</arg>
<doc>Returns the given values which can then be assigned to a variables.</doc>
<msg timestamp="20230602 21:15:57.381" level="INFO">${endpoint} = api/users/2</msg>
<status status="PASS" starttime="20230602 21:15:57.376" endtime="20230602 21:15:57.383"/>
</kw>
<kw name="DELETE On Session" library="RequestsLibrary">
<var>${response}</var>
<arg>Session1</arg>
<arg>${endpoint}</arg>
<doc>Sends a DELETE request on a previously created HTTP Session.</doc>
<msg timestamp="20230602 21:15:57.986" level="INFO">DELETE Request : url=https://reqres.in/api/users/2 
 path_url=/api/users/2 
 headers={'User-Agent': 'python-requests/2.29.0', 'Accept-Encoding': 'gzip, deflate', 'Accept': '*/*', 'Connection': 'keep-alive', 'Content-Length': '0'} 
 body=None 
 </msg>
<msg timestamp="20230602 21:15:57.986" level="INFO">DELETE Response : url=https://reqres.in/api/users/2 
 status=204, reason=No Content 
 headers={'Date': 'Fri, 02 Jun 2023 15:45:59 GMT', 'Content-Length': '0', 'Connection': 'keep-alive', 'X-Powered-By': 'Express', 'Access-Control-Allow-Origin': '*', 'Etag': 'W/"2-vyGp6PvFo4RvsFtPoIWeCReyIC8"', 'Via': '1.1 vegur', 'CF-Cache-Status': 'DYNAMIC', 'Report-To': '{"endpoints":[{"url":"https:\\/\\/a.nel.cloudflare.com\\/report\\/v3?s=nZs2nzaAOpUofwkI%2FxXzRHMiA8TEHp0%2B2ZCexDQl51xdb5tbmayFMsD%2FxB2PoyTz57u1RRQ89YN6Nbpaw3pfAlIcrZmGiYXRlhpdYVw%2FqjId5uZQBewbhugMKqz%2BF4sLkCvvtdKJ5Q%3D%3D"}],"group":"cf-nel","max_age":604800}', 'NEL': '{"success_fraction":0,"report_to":"cf-nel","max_age":604800}', 'Server': 'cloudflare', 'CF-RAY': '7d10d397ddae2e29-BOM'} 
 body=None 
 </msg>
<msg timestamp="20230602 21:15:57.986" level="INFO">${response} = &lt;Response [204]&gt;</msg>
<status status="PASS" starttime="20230602 21:15:57.384" endtime="20230602 21:15:57.986"/>
</kw>
<kw name="Log To Console" library="BuiltIn">
<arg>${response.status_code}</arg>
<doc>Logs the given message to the console.</doc>
<status status="PASS" starttime="20230602 21:15:57.986" endtime="20230602 21:15:57.996"/>
</kw>
<kw name="Log To Console" library="BuiltIn">
<arg>${response.content}</arg>
<doc>Logs the given message to the console.</doc>
<status status="PASS" starttime="20230602 21:15:57.996" endtime="20230602 21:15:58.002"/>
</kw>
<kw name="Convert To String" library="BuiltIn">
<var>${status_code}</var>
<arg>${response.status_code}</arg>
<doc>Converts the given item to a Unicode string.</doc>
<msg timestamp="20230602 21:15:58.007" level="INFO">${status_code} = 204</msg>
<status status="PASS" starttime="20230602 21:15:58.004" endtime="20230602 21:15:58.007"/>
</kw>
<kw name="Should Be Equal" library="BuiltIn">
<arg>${status_code}</arg>
<arg>204</arg>
<doc>Fails if the given objects are unequal.</doc>
<status status="PASS" starttime="20230602 21:15:58.011" endtime="20230602 21:15:58.011"/>
</kw>
<tag>Testing</tag>
<status status="PASS" starttime="20230602 21:15:57.371" endtime="20230602 21:15:58.011"/>
</test>
<status status="PASS" starttime="20230602 21:15:50.882" endtime="20230602 21:15:58.017"/>
</suite>
<status status="FAIL" starttime="20230602 21:13:28.627" endtime="20230602 21:15:58.031"/>
</suite>
<status status="FAIL" starttime="20230602 21:13:28.561" endtime="20230602 21:15:58.046"/>
</suite>
<statistics>
<total>
<stat pass="10" fail="2" skip="0">All Tests</stat>
</total>
<tag>
<stat pass="4" fail="0" skip="0">Testing</stat>
</tag>
<suite>
<stat pass="10" fail="2" skip="0" id="s1" name="Projects Assignment final">Projects Assignment final</stat>
<stat pass="10" fail="2" skip="0" id="s1-s1" name="Projects">Projects Assignment final.Projects</stat>
<stat pass="4" fail="1" skip="0" id="s1-s1-s1" name="Project  2">Projects Assignment final.Projects.Project  2</stat>
<stat pass="1" fail="0" skip="0" id="s1-s1-s2" name="Project 1">Projects Assignment final.Projects.Project 1</stat>
<stat pass="0" fail="1" skip="0" id="s1-s1-s3" name="Project 3">Projects Assignment final.Projects.Project 3</stat>
<stat pass="1" fail="0" skip="0" id="s1-s1-s4" name="Project 4">Projects Assignment final.Projects.Project 4</stat>
<stat pass="4" fail="0" skip="0" id="s1-s1-s5" name="Project 5">Projects Assignment final.Projects.Project 5</stat>
</suite>
</statistics>
<errors>
</errors>
</robot>
